<?xml version="1.0" encoding="UTF-8"?>
<!-- Generated by org.testng.reporters.JUnitReportReporter -->
<testsuite skipped="0" hostname="dosysnet042" name="com.dreamorbit.SMC3_Rater.LoginTest.TC01_VerifySuccessfulLoginToTheApplication" tests="1" failures="0" timestamp="19 Mar 2019 11:59:28 GMT" time="9.187" errors="0">
  <testcase name="verifySuccessfulLoginToTheApplication" time="9.187" classname="com.dreamorbit.SMC3_Rater.LoginTest.TC01_VerifySuccessfulLoginToTheApplication"/>
</testsuite> <!-- com.dreamorbit.SMC3_Rater.LoginTest.TC01_VerifySuccessfulLoginToTheApplication -->
