<?xml version="1.0" encoding="UTF-8"?>
<!-- Generated by org.testng.reporters.JUnitReportReporter -->
<testsuite skipped="0" hostname="dosysnet042" name="com.dreamorbit.SMC3_Rater.TestCases.LoginTests" tests="1" failures="0" timestamp="19 Mar 2019 12:15:18 GMT" time="7.821" errors="0">
  <testcase name="verifySuccessfulLoginToTheApplication" time="7.821" classname="com.dreamorbit.SMC3_Rater.TestCases.LoginTests"/>
</testsuite> <!-- com.dreamorbit.SMC3_Rater.TestCases.LoginTests -->
