<?xml version="1.0" encoding="UTF-8"?>
<!-- Generated by org.testng.reporters.JUnitReportReporter -->
<testsuite skipped="0" hostname="dosysnet042" name="com.dreamorbit.SMC3_Rater.TestCases.ManageSettingsTest" tests="1" failures="0" timestamp="26 Mar 2019 05:28:57 GMT" time="30.070" errors="0">
  <testcase name="verifyCreateAndDeleteACustomSetting" time="30.070" classname="com.dreamorbit.SMC3_Rater.TestCases.ManageSettingsTest"/>
</testsuite> <!-- com.dreamorbit.SMC3_Rater.TestCases.ManageSettingsTest -->
