<?xml version="1.0" encoding="UTF-8"?>
<!-- Generated by org.testng.reporters.JUnitReportReporter -->
<testsuite skipped="0" hostname="dosysnet042" name="com.dreamorbit.SMC3_Rater.TestCases.TC01_CreateAndDeleteACustomSetting" tests="1" failures="0" timestamp="18 Mar 2019 06:58:03 GMT" time="12.651" errors="0">
  <testcase name="verifyCreateAndDeleteACustomSetting" time="12.651" classname="com.dreamorbit.SMC3_Rater.TestCases.TC01_CreateAndDeleteACustomSetting"/>
</testsuite> <!-- com.dreamorbit.SMC3_Rater.TestCases.TC01_CreateAndDeleteACustomSetting -->
