<?xml version="1.0" encoding="UTF-8"?>
<!-- Generated by org.testng.reporters.JUnitReportReporter -->
<testsuite skipped="0" hostname="dosysnet042" name="com.dreamorbit.SMC3_Rater.TestCases.RateAShipmentTests" tests="1" failures="0" timestamp="19 Mar 2019 12:45:17 GMT" time="12.393" errors="0">
  <testcase name="selectASettings" time="12.393" classname="com.dreamorbit.SMC3_Rater.TestCases.RateAShipmentTests"/>
</testsuite> <!-- com.dreamorbit.SMC3_Rater.TestCases.RateAShipmentTests -->
